4999.997829arg(0.000135)	4144.025324arg(-0.000517)	3.260259arg(-1.570527)	0.000000arg(0.000000)	5000.000000arg(0.000000)	168.357424arg(1.574088)	
4999.996340arg(-0.000217)	6734.217126arg(-0.001058)	4.208399arg(-1.571230)	0.000000arg(0.000000)	5000.000000arg(0.000000)	270.941779arg(-1.574281)	
4962.633135arg(-0.070002)	711289.143518arg(-0.141210)	353.082358arg(-1.711510)	0.000000arg(0.000000)	5000.000000arg(-0.000000)	87656.307757arg(-1.712507)	
4999.998072arg(0.000735)	4314.970861arg(-3.140518)	1.701405arg(1.572265)	0.000000arg(0.000000)	5000.000000arg(0.000000)	918.229707arg(1.571689)	
4999.999510arg(0.000417)	1663.179234arg(-3.141071)	0.520918arg(1.571631)	0.000000arg(0.000000)	5000.000000arg(-0.000000)	521.736722arg(1.571240)	
4999.999780arg(0.000291)	842.540193arg(-3.141260)	0.209614arg(1.571378)	0.000000arg(0.000000)	5000.000000arg(-0.000000)	363.388894arg(1.571093)	
4999.999881arg(0.000216)	472.802926arg(-3.141358)	0.093435arg(1.571229)	0.000000arg(0.000000)	5000.000000arg(0.000000)	270.383245arg(1.571014)	
4999.999931arg(0.000166)	278.856121arg(-3.141418)	0.043773arg(1.571128)	0.000000arg(0.000000)	5000.000000arg(0.000000)	207.161865arg(1.570963)	
4999.999958arg(0.000129)	168.990032arg(-3.141460)	0.021071arg(1.571054)	0.000000arg(0.000000)	5000.000000arg(0.000000)	161.129736arg(1.570925)	
4999.999974arg(0.000101)	104.030382arg(-3.141489)	0.010304arg(1.570999)	0.000000arg(0.000000)	5000.000000arg(0.000000)	126.381426arg(1.570897)	
4999.999984arg(0.000080)	64.645996arg(-3.141512)	0.005086arg(1.570956)	0.000000arg(0.000000)	5000.000000arg(0.000000)	99.613717arg(1.570876)	
4999.999990arg(0.000063)	40.403308arg(-3.141529)	0.002525arg(1.570922)	0.000000arg(0.000000)	5000.000000arg(0.000000)	78.747243arg(1.570859)	
4999.999994arg(0.000050)	25.341623arg(-3.141543)	0.001258arg(1.570896)	0.000000arg(0.000000)	5000.000000arg(0.000000)	62.364247arg(1.570846)	
4999.999996arg(0.000040)	15.929893arg(-3.141553)	0.000628arg(1.570875)	0.000000arg(0.000000)	5000.000000arg(0.000000)	49.444907arg(1.570836)	
4999.999998arg(0.000031)	10.027504arg(-3.141561)	0.000314arg(1.570859)	0.000000arg(0.000000)	5000.000000arg(0.000000)	39.229270arg(1.570828)	
4999.999998arg(0.000025)	6.317577arg(-3.141568)	0.000157arg(1.570846)	0.000000arg(0.000000)	5000.000000arg(0.000000)	31.137845arg(1.570821)	
4999.999999arg(0.000020)	3.982408arg(-3.141573)	0.000079arg(1.570836)	0.000000arg(0.000000)	5000.000000arg(0.000000)	24.722132arg(1.570816)	
4999.999999arg(0.000016)	2.511253arg(-3.141577)	0.000039arg(1.570828)	0.000000arg(0.000000)	5000.000000arg(0.000000)	19.631715arg(1.570812)	
5000.000000arg(0.000012)	1.583907arg(-3.141580)	0.000020arg(1.570821)	0.000000arg(0.000000)	5000.000000arg(-0.000000)	15.591136arg(1.570809)	
5000.000000arg(0.000010)	0.999144arg(-3.141583)	0.000010arg(1.570816)	0.000000arg(0.000000)	5000.000000arg(0.000000)	12.383031arg(1.570806)	
5000.000000arg(0.000008)	0.630324arg(-3.141585)	0.000005arg(1.570812)	0.000000arg(0.000000)	5000.000000arg(0.000000)	9.835467arg(1.570804)	
5000.000000arg(0.000006)	0.397671arg(-3.141586)	0.000002arg(1.570809)	0.000000arg(0.000000)	5000.000000arg(-0.000000)	7.812226arg(1.570803)	
5000.000000arg(0.000005)	0.250899arg(-3.141588)	0.000001arg(1.570806)	0.000000arg(0.000000)	5000.000000arg(0.000000)	6.205290arg(1.570801)	
5000.000000arg(0.000004)	0.158300arg(-3.141589)	0.000001arg(1.570804)	0.000000arg(0.000000)	5000.000000arg(0.000000)	4.928946arg(1.570800)	
5000.000000arg(0.000003)	0.099879arg(-3.141590)	0.000000arg(1.570803)	0.000000arg(0.000000)	5000.000000arg(0.000000)	3.915155arg(1.570799)	
5000.000000arg(0.000002)	0.063018arg(-3.141590)	0.000000arg(1.570801)	0.000000arg(0.000000)	5000.000000arg(0.000000)	3.109896arg(1.570799)	
5000.000000arg(0.000002)	0.039761arg(-3.141591)	0.000000arg(1.570800)	0.000000arg(0.000000)	5000.000000arg(0.000000)	2.470265arg(1.570798)	
5000.000000arg(0.000002)	0.025088arg(-3.141591)	0.000000arg(1.570799)	0.000000arg(0.000000)	5000.000000arg(-0.000000)	1.962195arg(1.570798)	
5000.000000arg(0.000001)	0.015829arg(-3.141591)	0.000000arg(1.570799)	0.000000arg(0.000000)	5000.000000arg(-0.000000)	1.558623arg(1.570798)	
5000.000000arg(0.000001)	0.009987arg(-3.141592)	0.000000arg(1.570798)	0.000000arg(0.000000)	5000.000000arg(-0.000000)	1.238057arg(1.570797)	
5000.000000arg(0.000001)	0.006302arg(-3.141592)	0.000000arg(1.570798)	0.000000arg(0.000000)	5000.000000arg(0.000000)	0.983422arg(1.570797)	
5000.000000arg(0.000001)	0.003976arg(-3.141592)	0.000000arg(1.570798)	0.000000arg(0.000000)	5000.000000arg(0.000000)	0.781159arg(1.570797)	
5000.000000arg(0.000000)	0.002509arg(-3.141592)	0.000000arg(1.570797)	0.000000arg(0.000000)	5000.000000arg(0.000000)	0.620496arg(1.570797)	
5000.000000arg(0.000000)	0.001583arg(-3.141592)	0.000000arg(1.570797)	0.000000arg(0.000000)	5000.000000arg(0.000000)	0.492877arg(1.570797)	
5000.000000arg(0.000000)	0.000999arg(-3.141592)	0.000000arg(1.570797)	0.000000arg(0.000000)	5000.000000arg(-0.000000)	0.391506arg(1.570797)	
5000.000000arg(0.000000)	0.000630arg(-3.141592)	0.000000arg(1.570797)	0.000000arg(0.000000)	5000.000000arg(0.000000)	0.310984arg(1.570797)	
5000.000000arg(0.000000)	0.000398arg(-3.141592)	0.000000arg(1.570797)	0.000000arg(0.000000)	5000.000000arg(0.000000)	0.247024arg(1.570797)	
5000.000000arg(0.000000)	0.000251arg(-3.141592)	0.000000arg(1.570797)	0.000000arg(0.000000)	5000.000000arg(-0.000000)	0.196218arg(1.570796)	
5000.000000arg(0.000000)	0.000158arg(-3.141593)	0.000000arg(1.570797)	0.000000arg(0.000000)	5000.000000arg(0.000000)	0.155861arg(1.570796)	
5000.000000arg(0.000000)	0.000100arg(-3.141593)	0.000000arg(1.570797)	0.000000arg(0.000000)	5000.000000arg(0.000000)	0.123805arg(1.570796)	
5000.000000arg(0.000000)	0.000063arg(-3.141593)	0.000000arg(1.570796)	0.000000arg(0.000000)	5000.000000arg(0.000000)	0.098342arg(1.570796)	
5000.000000arg(0.000000)	0.000040arg(-3.141593)	0.000000arg(1.570796)	0.000000arg(0.000000)	5000.000000arg(0.000000)	0.078116arg(1.570796)	
5000.000000arg(0.000000)	0.000025arg(-3.141593)	0.000000arg(1.570796)	0.000000arg(0.000000)	5000.000000arg(0.000000)	0.062049arg(1.570796)	
5000.000000arg(0.000000)	0.000016arg(-3.141593)	0.000000arg(1.570796)	0.000000arg(0.000000)	5000.000000arg(0.000000)	0.049288arg(1.570796)	
5000.000000arg(0.000000)	0.000010arg(-3.141593)	0.000000arg(1.570796)	0.000000arg(0.000000)	5000.000000arg(0.000000)	0.039150arg(1.570796)	
5000.000000arg(0.000000)	0.000006arg(-3.141593)	0.000000arg(1.570796)	0.000000arg(0.000000)	5000.000000arg(0.000000)	0.031098arg(1.570796)	
5000.000000arg(0.000000)	0.000004arg(-3.141593)	0.000000arg(1.570796)	0.000000arg(0.000000)	5000.000000arg(-0.000000)	0.024702arg(1.570796)	
5000.000000arg(0.000000)	0.000003arg(-3.141593)	0.000000arg(1.570796)	0.000000arg(0.000000)	5000.000000arg(-0.000000)	0.019622arg(1.570796)	
5000.000000arg(0.000000)	0.000002arg(-3.141593)	0.000000arg(1.570796)	0.000000arg(0.000000)	5000.000000arg(0.000000)	0.015586arg(1.570796)	
5000.000000arg(0.000000)	0.000001arg(-3.141593)	0.000000arg(1.570796)	0.000000arg(0.000000)	5000.000000arg(0.000000)	0.012380arg(1.570796)	
